0 info it worked if it ends with ok
1 verbose cli [ '/Users/uznam8x/.nvm/versions/node/v5.8.0/bin/node',
1 verbose cli   '/Users/uznam8x/.nvm/versions/node/v5.8.0/bin/npm',
1 verbose cli   'publish' ]
2 info using npm@3.7.3
3 info using node@v5.8.0
4 verbose publish [ '.' ]
5 silly cache add args [ '.', null ]
6 verbose cache add spec .
7 silly cache add parsed spec Result {
7 silly cache add   raw: '.',
7 silly cache add   scope: null,
7 silly cache add   name: null,
7 silly cache add   rawSpec: '.',
7 silly cache add   spec: '/Applications/MAMP/htdocs/service/codenut/style',
7 silly cache add   type: 'directory' }
8 verbose addLocalDirectory /Users/uznam8x/.npm/codenut-style/0.0.5/package.tgz not in flight; packing
9 verbose correctMkdir /Users/uznam8x/.npm correctMkdir not in flight; initializing
10 info lifecycle codenut-style@0.0.5~prepublish: codenut-style@0.0.5
11 silly lifecycle codenut-style@0.0.5~prepublish: no script for prepublish, continuing
12 verbose tar pack [ '/Users/uznam8x/.npm/codenut-style/0.0.5/package.tgz',
12 verbose tar pack   '/Applications/MAMP/htdocs/service/codenut/style' ]
13 verbose tarball /Users/uznam8x/.npm/codenut-style/0.0.5/package.tgz
14 verbose folder /Applications/MAMP/htdocs/service/codenut/style
15 verbose addLocalTarball adding from inside cache /Users/uznam8x/.npm/codenut-style/0.0.5/package.tgz
16 verbose correctMkdir /Users/uznam8x/.npm correctMkdir not in flight; initializing
17 silly cache afterAdd codenut-style@0.0.5
18 verbose afterAdd /Users/uznam8x/.npm/codenut-style/0.0.5/package/package.json not in flight; writing
19 verbose correctMkdir /Users/uznam8x/.npm correctMkdir not in flight; initializing
20 verbose afterAdd /Users/uznam8x/.npm/codenut-style/0.0.5/package/package.json written
21 silly publish { name: 'codenut-style',
21 silly publish   version: '0.0.5',
21 silly publish   description: 'codenut css framework',
21 silly publish   main: 'index.js',
21 silly publish   scripts:
21 silly publish    { start: 'gulp default',
21 silly publish      test: 'echo "Error: no test specified" && exit 1' },
21 silly publish   repository:
21 silly publish    { type: 'git',
21 silly publish      url: 'git+https://github.com/uznam8x/codenut-style.git' },
21 silly publish   keywords: [ 'codenut', 'css framework', 'codenut-style', 'prisf', 'uznam8x' ],
21 silly publish   author: { name: 'uznam8x' },
21 silly publish   license: 'MIT',
21 silly publish   bugs: { url: 'https://github.com/uznam8x/codenut-style/issues' },
21 silly publish   homepage: 'http://codenut.prisf.com',
21 silly publish   dependencies:
21 silly publish    { gulp: '^3.9.1',
21 silly publish      'gulp-sass': '^3.1.0',
21 silly publish      'gulp-sass-glob': '^1.0.8' },
21 silly publish   devDependencies: { 'browser-sync': '^2.18.13' },
21 silly publish   readme: '# [Codenut style](http://codenut.prisf.com)\n\n## Getting Started\n\n### npm\n```bash\nnpm install -g gulp \nnpm install --save codenut-style \n```\n\n### git\n\n```bash\ngit clone https://github.com/uznam8x/codenut-style\ncd codenut-style\nnpm install -g gulp \nnpm install\n```\n\n## Task and Build\n```bash\nnpm start\n```',
21 silly publish   readmeFilename: 'README.md',
21 silly publish   gitHead: '699dd63b52ca3e5767a14bc4258edbbe37514c8c',
21 silly publish   _id: 'codenut-style@0.0.5',
21 silly publish   _shasum: '364e9f8b1f80289ff19ee4df311655bf379c7e7e',
21 silly publish   _from: '.' }
22 verbose getPublishConfig undefined
23 silly mapToRegistry name codenut-style
24 silly mapToRegistry using default registry
25 silly mapToRegistry registry https://registry.npmjs.org/
26 silly mapToRegistry uri https://registry.npmjs.org/codenut-style
27 verbose publish registryBase https://registry.npmjs.org/
28 silly publish uploading /Users/uznam8x/.npm/codenut-style/0.0.5/package.tgz
29 verbose request uri https://registry.npmjs.org/codenut-style
30 verbose request sending authorization for write operation
31 info attempt registry request try #1 at 1:17:25 PM
32 verbose request using bearer token for auth
33 verbose request id d3536856f80c2387
34 http request PUT https://registry.npmjs.org/codenut-style
35 http 403 https://registry.npmjs.org/codenut-style
36 verbose headers { 'content-type': 'application/json',
36 verbose headers   'cache-control': 'max-age=300',
36 verbose headers   'content-length': '91',
36 verbose headers   'accept-ranges': 'bytes',
36 verbose headers   date: 'Tue, 21 Nov 2017 04:17:26 GMT',
36 verbose headers   via: '1.1 varnish',
36 verbose headers   connection: 'keep-alive',
36 verbose headers   'x-served-by': 'cache-itm7425-ITM',
36 verbose headers   'x-cache': 'MISS',
36 verbose headers   'x-cache-hits': '0',
36 verbose headers   'x-timer': 'S1511237846.555531,VS0,VE930',
36 verbose headers   vary: 'Accept-Encoding, Accept' }
37 verbose request invalidating /Users/uznam8x/.npm/registry.npmjs.org/codenut-style on PUT
38 error publish Failed PUT 403
39 verbose stack Error: You cannot publish over the previously published version 0.0.5. : codenut-style
39 verbose stack     at makeError (/Users/uznam8x/.nvm/versions/node/v5.8.0/lib/node_modules/npm/node_modules/npm-registry-client/lib/request.js:264:12)
39 verbose stack     at CachingRegistryClient.<anonymous> (/Users/uznam8x/.nvm/versions/node/v5.8.0/lib/node_modules/npm/node_modules/npm-registry-client/lib/request.js:252:14)
39 verbose stack     at Request._callback (/Users/uznam8x/.nvm/versions/node/v5.8.0/lib/node_modules/npm/node_modules/npm-registry-client/lib/request.js:172:14)
39 verbose stack     at Request.self.callback (/Users/uznam8x/.nvm/versions/node/v5.8.0/lib/node_modules/npm/node_modules/request/request.js:199:22)
39 verbose stack     at emitTwo (events.js:100:13)
39 verbose stack     at Request.emit (events.js:185:7)
39 verbose stack     at Request.<anonymous> (/Users/uznam8x/.nvm/versions/node/v5.8.0/lib/node_modules/npm/node_modules/request/request.js:1036:10)
39 verbose stack     at emitOne (events.js:95:20)
39 verbose stack     at Request.emit (events.js:182:7)
39 verbose stack     at IncomingMessage.<anonymous> (/Users/uznam8x/.nvm/versions/node/v5.8.0/lib/node_modules/npm/node_modules/request/request.js:963:12)
40 verbose statusCode 403
41 verbose pkgid codenut-style
42 verbose cwd /Applications/MAMP/htdocs/service/codenut/style
43 error Darwin 16.7.0
44 error argv "/Users/uznam8x/.nvm/versions/node/v5.8.0/bin/node" "/Users/uznam8x/.nvm/versions/node/v5.8.0/bin/npm" "publish"
45 error node v5.8.0
46 error npm  v3.7.3
47 error code E403
48 error You cannot publish over the previously published version 0.0.5. : codenut-style
49 error If you need help, you may report this error at:
49 error     <https://github.com/npm/npm/issues>
50 verbose exit [ 1, true ]
